<?xml version="1.0" encoding="UTF-8"?>
<testng-results ignored="0" total="1" passed="1" failed="0" skipped="0">
  <reporter-output>
    <line>
      <![CDATA[Err Msg is displayed]]>
    </line>
  </reporter-output>
  <suite started-at="2024-07-10T08:10:56 IST" name="Default suite" finished-at="2024-07-10T08:11:03 IST" duration-ms="7363">
    <groups>
    </groups>
    <test started-at="2024-07-10T08:10:56 IST" name="Default test" finished-at="2024-07-10T08:11:03 IST" duration-ms="7363">
      <class name="scripts.InvalidLogin">
        <test-method is-config="true" signature="createReport()[pri:0, instance:scripts.InvalidLogin@74d1dc36]" started-at="2024-07-10T08:10:55 IST" name="createReport" finished-at="2024-07-10T08:10:56 IST" duration-ms="548" status="PASS">
          <reporter-output>
          </reporter-output>
        </test-method> <!-- createReport -->
        <test-method is-config="true" signature="preCondition(java.lang.reflect.Method)[pri:0, instance:scripts.InvalidLogin@74d1dc36]" started-at="2024-07-10T08:10:56 IST" name="preCondition" finished-at="2024-07-10T08:11:00 IST" duration-ms="3997" status="PASS">
          <params>
            <param index="0">
              <value>
                <![CDATA[public void scripts.InvalidLogin.testInvalidLogin()]]>
              </value>
            </param>
          </params>
          <reporter-output>
          </reporter-output>
        </test-method> <!-- preCondition -->
        <test-method signature="testInvalidLogin()[pri:2, instance:scripts.InvalidLogin@74d1dc36]" started-at="2024-07-10T08:11:00 IST" name="testInvalidLogin" finished-at="2024-07-10T08:11:03 IST" duration-ms="2728" status="PASS">
          <reporter-output>
            <line>
              <![CDATA[Err Msg is displayed]]>
            </line>
          </reporter-output>
        </test-method> <!-- testInvalidLogin -->
        <test-method is-config="true" signature="postCondition(org.testng.ITestResult)[pri:0, instance:scripts.InvalidLogin@74d1dc36]" started-at="2024-07-10T08:11:03 IST" name="postCondition" finished-at="2024-07-10T08:11:03 IST" duration-ms="574" status="PASS">
          <params>
            <param index="0">
              <value>
                <![CDATA[[TestResult name=testInvalidLogin status=SUCCESS method=InvalidLogin.testInvalidLogin()[pri:2, instance:scripts.InvalidLogin@74d1dc36] output=Err Msg is displayed]]]>
              </value>
            </param>
          </params>
          <reporter-output>
          </reporter-output>
        </test-method> <!-- postCondition -->
        <test-method is-config="true" signature="publishReport()[pri:0, instance:scripts.InvalidLogin@74d1dc36]" started-at="2024-07-10T08:11:03 IST" name="publishReport" finished-at="2024-07-10T08:11:04 IST" duration-ms="694" status="PASS">
          <reporter-output>
          </reporter-output>
        </test-method> <!-- publishReport -->
      </class> <!-- scripts.InvalidLogin -->
    </test> <!-- Default test -->
  </suite> <!-- Default suite -->
</testng-results>
